{"logTime": "0218/063637", "correlationVector":"qdjALriNd9Z6ir7DiZxuIM","action":"SyncServerConnectionManagerRequest", "result":"SYNC_SERVER_OK", "context":{"environment":"", "migrationStage":"", "server":""}}
{"logTime": "0218/063637", "correlationVector":"MMiue15W3rBqHImms9MMZf.1","action":"SyncServerConnectionManagerRequest", "result":"SYNC_SERVER_OK", "context":{"environment":"Prod_SouthCentralUS_000i", "migrationStage":"NotStarted", "server":"GENERAL0100000J"}}
{"logTime": "0218/063637", "correlationVector":"MMiue15W3rBqHImms9MMZf","action":"Initial GetUpdates", "result":"", "context":Reason: NEW_CLIENT. cV=MMiue15W3rBqHImms9MMZf}
{"logTime": "0218/063637", "correlationVector":"MMiue15W3rBqHImms9MMZf.2","action":"GetUpdates Response", "result":"SYNCER_OK", "context":Received 1 update(s). cV=MMiue15W3rBqHImms9MMZf.0;server=GENERAL0100000J;cloudType=Consumer;environment=Prod_SouthCentralUS_000i;migrationStage=NotStarted}
{"logTime": "0218/063645", "correlationVector":"5trAnszxJyi1Vh07nHML43","action":"Initial GetUpdates", "result":"", "context":Reason: NEW_CLIENT. cV=5trAnszxJyi1Vh07nHML43}
{"logTime": "0218/063645", "correlationVector":"5trAnszxJyi1Vh07nHML43.1","action":"SyncServerConnectionManagerRequest", "result":"SYNC_SERVER_OK", "context":{"environment":"Prod_SouthCentralUS_000i", "migrationStage":"NotStarted", "server":"GENERAL01000008"}}
{"logTime": "0218/063645", "correlationVector":"5trAnszxJyi1Vh07nHML43.2","action":"GetUpdates Response", "result":"SYNCER_OK", "context":Received 2 update(s). cV=5trAnszxJyi1Vh07nHML43.0;server=GENERAL01000008;cloudType=Consumer;environment=Prod_SouthCentralUS_000i;migrationStage=NotStarted}
{"logTime": "0218/063645", "correlationVector":"ybHDJZH/m0xX1wZuhzD2EL","action":"Normal GetUpdate request", "result":"", "context":cV=ybHDJZH/m0xX1wZuhzD2EL
Nudged types: Device Info, User Consents
Refresh requested types: Device Info, User Consents, Send Tab To Self, Encryption Keys}
{"logTime": "0218/063645", "correlationVector":"ybHDJZH/m0xX1wZuhzD2EL.1","action":"SyncServerConnectionManagerRequest", "result":"SYNC_SERVER_OK", "context":{"environment":"Prod_SouthCentralUS_000i", "migrationStage":"NotStarted", "server":"GENERAL0100000E"}}
{"logTime": "0218/063645", "correlationVector":"ybHDJZH/m0xX1wZuhzD2EL.2","action":"GetUpdates Response", "result":"SYNCER_OK", "context":Received 0 update(s). cV=ybHDJZH/m0xX1wZuhzD2EL.0;server=GENERAL0100000E;cloudType=Consumer;environment=Prod_SouthCentralUS_000i;migrationStage=NotStarted}
{"logTime": "0218/063645", "correlationVector":"fZ0uskvRjBKb5BOYRW8eW5","action":"Commit Request", "result":"", "context":Item count: 1
Contributing types: Device Info}
{"logTime": "0218/063646", "correlationVector":"fZ0uskvRjBKb5BOYRW8eW5.1","action":"SyncServerConnectionManagerRequest", "result":"SYNC_SERVER_OK", "context":{"environment":"Prod_SouthCentralUS_000i", "migrationStage":"NotStarted", "server":"GENERAL0100000O"}}
{"logTime": "0218/063646", "correlationVector":"fZ0uskvRjBKb5BOYRW8eW5.2","action":"Commit Response", "result":"SYNCER_OK", "context":Result: SYNCER_OK. cV=fZ0uskvRjBKb5BOYRW8eW5.0;server=GENERAL0100000O;cloudType=Consumer;environment=Prod_SouthCentralUS_000i;migrationStage=NotStarted}
{"logTime": "0218/063646", "correlationVector":"wVXCWTbXvLLlMVr8utUUtJ","action":"Commit Request", "result":"", "context":Item count: 1
Contributing types: User Consents}
{"logTime": "0218/063646", "correlationVector":"wVXCWTbXvLLlMVr8utUUtJ.1","action":"SyncServerConnectionManagerRequest", "result":"SYNC_SERVER_OK", "context":{"environment":"Prod_SouthCentralUS_000i", "migrationStage":"NotStarted", "server":"GENERAL01000018"}}
{"logTime": "0218/063646", "correlationVector":"wVXCWTbXvLLlMVr8utUUtJ.2","action":"Commit Response", "result":"SYNCER_OK", "context":Result: SYNCER_OK. cV=wVXCWTbXvLLlMVr8utUUtJ.0;server=GENERAL01000018;cloudType=Consumer;environment=Prod_SouthCentralUS_000i;migrationStage=NotStarted}
{"logTime": "0218/063647", "correlationVector":"kPzBOvSiRg2XTSf//iQlP9","action":"Normal GetUpdate request", "result":"", "context":cV=kPzBOvSiRg2XTSf//iQlP9
Nudged types: Device Info}
{"logTime": "0218/063647", "correlationVector":"kPzBOvSiRg2XTSf//iQlP9.1","action":"SyncServerConnectionManagerRequest", "result":"SYNC_SERVER_OK", "context":{"environment":"Prod_SouthCentralUS_000i", "migrationStage":"NotStarted", "server":"GENERAL0100001F"}}
{"logTime": "0218/063647", "correlationVector":"kPzBOvSiRg2XTSf//iQlP9.2","action":"GetUpdates Response", "result":"SYNCER_OK", "context":Received 1 update(s). cV=kPzBOvSiRg2XTSf//iQlP9.0;server=GENERAL0100001F;cloudType=Consumer;environment=Prod_SouthCentralUS_000i;migrationStage=NotStarted}
